<?xml version="1.0" encoding="UTF-8" ?>
<testsuite tests="79" failures="31" name="org.apache.commons.lang3.builder.ToStringBuilderTest" time="0.012" errors="5" skipped="0">
  <properties>
[...]
</properties>
  <testcase classname="org.apache.commons.lang3.builder.ToStringBuilderTest" name="test_setUpToClass_valid" time="0.001">
    <error message="Unable to make field static final char[] java.lang.Integer.digits accessible: module java.base does not &quot;opens java.lang&quot; to unnamed module @77556fd" type="java.lang.reflect.InaccessibleObjectException">java.lang.reflect.InaccessibleObjectException: Unable to make field static final char[] java.lang.Integer.digits accessible: module java.base does not &quot;opens java.lang&quot; to unnamed module @77556fd
	at java.base/java.lang.reflect.AccessibleObject.throwInaccessibleObjectException(AccessibleObject.java:388)
	at java.base/java.lang.reflect.AccessibleObject.checkCanSetAccessible(AccessibleObject.java:364)
	at java.base/java.lang.reflect.AccessibleObject.checkCanSetAccessible(AccessibleObject.java:312)
	at java.base/java.lang.reflect.Field.checkCanSetAccessible(Field.java:183)
	at java.base/java.lang.reflect.AccessibleObject.setAccessible(AccessibleObject.java:129)
	at org.apache.commons.lang3.builder.ReflectionToStringBuilder.appendFieldsIn(ReflectionToStringBuilder.java:514)
	at org.apache.commons.lang3.builder.ReflectionToStringBuilder.toString(ReflectionToStringBuilder.java:683)
	at org.apache.commons.lang3.builder.ToStringBuilderTest.test_setUpToClass_valid(ToStringBuilderTest.java:1012)
</error>
  </testcase>
  <testcase classname="org.apache.commons.lang3.builder.ToStringBuilderTest" name="test_setUpToClass_valid" time="0.001">
    <failure message="Expected null, actual: {5=null} expected null, but was:&lt;{5=null}&gt;" type="java.lang.AssertionError">java.lang.AssertionError: Expected null, actual: {5=null} expected null, but was:&lt;{5=null}&gt;
	at org.junit.Assert.fail(Assert.java:88)
	at org.junit.Assert.failNotNull(Assert.java:664)
	at org.junit.Assert.assertNull(Assert.java:646)
	at org.apache.commons.lang3.builder.ToStringBuilderTest.validateNullToStringStyleRegistry(ToStringBuilderTest.java:609)
	at org.apache.commons.lang3.builder.ToStringBuilderTest.after(ToStringBuilderTest.java:46)
</failure>
  </testcase>
  <testcase classname="org.apache.commons.lang3.builder.ToStringBuilderTest" name="testCharArray" time="0"/>
  <testcase classname="org.apache.commons.lang3.builder.ToStringBuilderTest" name="testReflectionHierarchyArrayList" time="0"/>
  <testcase classname="org.apache.commons.lang3.builder.ToStringBuilderTest" name="testReflectionNull" time="0"/>
  <testcase classname="org.apache.commons.lang3.builder.ToStringBuilderTest" name="testDoubleArrayArray" time="0"/>
  <testcase classname="org.apache.commons.lang3.builder.ToStringBuilderTest" name="testReflectionBoolean" time="0">
    <error message="Unable to make field private final boolean java.lang.Boolean.value accessible: module java.base does not &quot;opens java.lang&quot; to unnamed module @77556fd" type="java.lang.reflect.InaccessibleObjectException">java.lang.reflect.InaccessibleObjectException: Unable to make field private final boolean java.lang.Boolean.value accessible: module java.base does not &quot;opens java.lang&quot; to unnamed module @77556fd
	at java.base/java.lang.reflect.AccessibleObject.throwInaccessibleObjectException(AccessibleObject.java:388)
	at java.base/java.lang.reflect.AccessibleObject.checkCanSetAccessible(AccessibleObject.java:364)
	at java.base/java.lang.reflect.AccessibleObject.checkCanSetAccessible(AccessibleObject.java:312)
	at java.base/java.lang.reflect.Field.checkCanSetAccessible(Field.java:183)
	at java.base/java.lang.reflect.AccessibleObject.setAccessible(AccessibleObject.java:129)
	at org.apache.commons.lang3.builder.ReflectionToStringBuilder.appendFieldsIn(ReflectionToStringBuilder.java:514)
	at org.apache.commons.lang3.builder.ReflectionToStringBuilder.toString(ReflectionToStringBuilder.java:683)
	at org.apache.commons.lang3.builder.ReflectionToStringBuilder.toString(ReflectionToStringBuilder.java:283)
	at org.apache.commons.lang3.builder.ReflectionToStringBuilder.toString(ReflectionToStringBuilder.java:113)
	at org.apache.commons.lang3.builder.ToStringBuilder.reflectionToString(ToStringBuilder.java:152)
	at org.apache.commons.lang3.builder.ToStringBuilderTest.testReflectionBoolean(ToStringBuilderTest.java:114)
</error>
  </testcase>
  <testcase classname="org.apache.commons.lang3.builder.ToStringBuilderTest" name="testReflectionBoolean" time="0">
    <failure message="Expected null, actual: {true=null} expected null, but was:&lt;{true=null}&gt;" type="java.lang.AssertionError">java.lang.AssertionError: Expected null, actual: {true=null} expected null, but was:&lt;{true=null}&gt;
	at org.junit.Assert.fail(Assert.java:88)
	at org.junit.Assert.failNotNull(Assert.java:664)
	at org.junit.Assert.assertNull(Assert.java:646)
	at org.apache.commons.lang3.builder.ToStringBuilderTest.validateNullToStringStyleRegistry(ToStringBuilderTest.java:609)
	at org.apache.commons.lang3.builder.ToStringBuilderTest.after(ToStringBuilderTest.java:46)
</failure>
  </testcase>
  <testcase classname="org.apache.commons.lang3.builder.ToStringBuilderTest" name="testObjectArray" time="0">
    <failure message="Expected null, actual: {true=null} expected null, but was:&lt;{true=null}&gt;" type="java.lang.AssertionError">java.lang.AssertionError: Expected null, actual: {true=null} expected null, but was:&lt;{true=null}&gt;
	at org.junit.Assert.fail(Assert.java:88)
	at org.junit.Assert.failNotNull(Assert.java:664)
	at org.junit.Assert.assertNull(Assert.java:646)
	at org.apache.commons.lang3.builder.ToStringBuilderTest.validateNullToStringStyleRegistry(ToStringBuilderTest.java:609)
	at org.apache.commons.lang3.builder.ToStringBuilderTest.after(ToStringBuilderTest.java:46)
</failure>
  </testcase>
  <testcase classname="org.apache.commons.lang3.builder.ToStringBuilderTest" name="testObjectBuild" time="0">
    <failure message="Expected null, actual: {true=null} expected null, but was:&lt;{true=null}&gt;" type="java.lang.AssertionError">java.lang.AssertionError: Expected null, actual: {true=null} expected null, but was:&lt;{true=null}&gt;
	at org.junit.Assert.fail(Assert.java:88)
	at org.junit.Assert.failNotNull(Assert.java:664)
	at org.junit.Assert.assertNull(Assert.java:646)
	at org.apache.commons.lang3.builder.ToStringBuilderTest.validateNullToStringStyleRegistry(ToStringBuilderTest.java:609)
	at org.apache.commons.lang3.builder.ToStringBuilderTest.after(ToStringBuilderTest.java:46)
</failure>
  </testcase>
  <testcase classname="org.apache.commons.lang3.builder.ToStringBuilderTest" name="testObjectCycle" time="0">
    <failure message="Expected null, actual: {true=null} expected null, but was:&lt;{true=null}&gt;" type="java.lang.AssertionError">java.lang.AssertionError: Expected null, actual: {true=null} expected null, but was:&lt;{true=null}&gt;
	at org.junit.Assert.fail(Assert.java:88)
	at org.junit.Assert.failNotNull(Assert.java:664)
	at org.junit.Assert.assertNull(Assert.java:646)
	at org.apache.commons.lang3.builder.ToStringBuilderTest.validateNullToStringStyleRegistry(ToStringBuilderTest.java:609)
	at org.apache.commons.lang3.builder.ToStringBuilderTest.after(ToStringBuilderTest.java:46)
</failure>
  </testcase>
  <testcase classname="org.apache.commons.lang3.builder.ToStringBuilderTest" name="testReflectionHierarchy" time="0.001">
    <failure message="Expected null, actual: {true=null} expected null, but was:&lt;{true=null}&gt;" type="java.lang.AssertionError">java.lang.AssertionError: Expected null, actual: {true=null} expected null, but was:&lt;{true=null}&gt;
	at org.junit.Assert.fail(Assert.java:88)
	at org.junit.Assert.failNotNull(Assert.java:664)
	at org.junit.Assert.assertNull(Assert.java:646)
	at org.apache.commons.lang3.builder.ToStringBuilderTest.validateNullToStringStyleRegistry(ToStringBuilderTest.java:609)
	at org.apache.commons.lang3.builder.ToStringBuilderTest.after(ToStringBuilderTest.java:46)
</failure>
  </testcase>
  <testcase classname="org.apache.commons.lang3.builder.ToStringBuilderTest" name="testSelfInstanceTwoVarsReflectionObjectCycle" time="0.001">
    <failure message="Expected null, actual: {true=null} expected null, but was:&lt;{true=null}&gt;" type="java.lang.AssertionError">java.lang.AssertionError: Expected null, actual: {true=null} expected null, but was:&lt;{true=null}&gt;
	at org.junit.Assert.fail(Assert.java:88)
	at org.junit.Assert.failNotNull(Assert.java:664)
	at org.junit.Assert.assertNull(Assert.java:646)
	at org.apache.commons.lang3.builder.ToStringBuilderTest.validateNullToStringStyleRegistry(ToStringBuilderTest.java:609)
	at org.apache.commons.lang3.builder.ToStringBuilderTest.after(ToStringBuilderTest.java:46)
</failure>
  </testcase>
  <testcase classname="org.apache.commons.lang3.builder.ToStringBuilderTest" name="testAppendToStringUsingMultiLineStyle" time="0">
    <failure message="Expected null, actual: {true=null} expected null, but was:&lt;{true=null}&gt;" type="java.lang.AssertionError">java.lang.AssertionError: Expected null, actual: {true=null} expected null, but was:&lt;{true=null}&gt;
	at org.junit.Assert.fail(Assert.java:88)
	at org.junit.Assert.failNotNull(Assert.java:664)
	at org.junit.Assert.assertNull(Assert.java:646)
	at org.apache.commons.lang3.builder.ToStringBuilderTest.validateNullToStringStyleRegistry(ToStringBuilderTest.java:609)
	at org.apache.commons.lang3.builder.ToStringBuilderTest.after(ToStringBuilderTest.java:46)
</failure>
  </testcase>
  <testcase classname="org.apache.commons.lang3.builder.ToStringBuilderTest" name="testShortArrayArray" time="0">
    <failure message="Expected null, actual: {true=null} expected null, but was:&lt;{true=null}&gt;" type="java.lang.AssertionError">java.lang.AssertionError: Expected null, actual: {true=null} expected null, but was:&lt;{true=null}&gt;
	at org.junit.Assert.fail(Assert.java:88)
	at org.junit.Assert.failNotNull(Assert.java:664)
	at org.junit.Assert.assertNull(Assert.java:646)
	at org.apache.commons.lang3.builder.ToStringBuilderTest.validateNullToStringStyleRegistry(ToStringBuilderTest.java:609)
	at org.apache.commons.lang3.builder.ToStringBuilderTest.after(ToStringBuilderTest.java:46)
</failure>
  </testcase>
  <testcase classname="org.apache.commons.lang3.builder.ToStringBuilderTest" name="testBooleanArrayArray" time="0">
    <failure message="Expected null, actual: {true=null} expected null, but was:&lt;{true=null}&gt;" type="java.lang.AssertionError">java.lang.AssertionError: Expected null, actual: {true=null} expected null, but was:&lt;{true=null}&gt;
	at org.junit.Assert.fail(Assert.java:88)
	at org.junit.Assert.failNotNull(Assert.java:664)
	at org.junit.Assert.assertNull(Assert.java:646)
	at org.apache.commons.lang3.builder.ToStringBuilderTest.validateNullToStringStyleRegistry(ToStringBuilderTest.java:609)
	at org.apache.commons.lang3.builder.ToStringBuilderTest.after(ToStringBuilderTest.java:46)
</failure>
  </testcase>
  <testcase classname="org.apache.commons.lang3.builder.ToStringBuilderTest" name="testFloatArray" time="0">
    <failure message="Expected null, actual: {true=null} expected null, but was:&lt;{true=null}&gt;" type="java.lang.AssertionError">java.lang.AssertionError: Expected null, actual: {true=null} expected null, but was:&lt;{true=null}&gt;
	at org.junit.Assert.fail(Assert.java:88)
	at org.junit.Assert.failNotNull(Assert.java:664)
	at org.junit.Assert.assertNull(Assert.java:646)
	at org.apache.commons.lang3.builder.ToStringBuilderTest.validateNullToStringStyleRegistry(ToStringBuilderTest.java:609)
	at org.apache.commons.lang3.builder.ToStringBuilderTest.after(ToStringBuilderTest.java:46)
</failure>
  </testcase>
  <testcase classname="org.apache.commons.lang3.builder.ToStringBuilderTest" name="testInt" time="0">
    <failure message="Expected null, actual: {true=null} expected null, but was:&lt;{true=null}&gt;" type="java.lang.AssertionError">java.lang.AssertionError: Expected null, actual: {true=null} expected null, but was:&lt;{true=null}&gt;
	at org.junit.Assert.fail(Assert.java:88)
	at org.junit.Assert.failNotNull(Assert.java:664)
	at org.junit.Assert.assertNull(Assert.java:646)
	at org.apache.commons.lang3.builder.ToStringBuilderTest.validateNullToStringStyleRegistry(ToStringBuilderTest.java:609)
	at org.apache.commons.lang3.builder.ToStringBuilderTest.after(ToStringBuilderTest.java:46)
</failure>
  </testcase>
  <testcase classname="org.apache.commons.lang3.builder.ToStringBuilderTest" name="testByteArray" time="0.001">
    <failure message="Expected null, actual: {true=null} expected null, but was:&lt;{true=null}&gt;" type="java.lang.AssertionError">java.lang.AssertionError: Expected null, actual: {true=null} expected null, but was:&lt;{true=null}&gt;
	at org.junit.Assert.fail(Assert.java:88)
	at org.junit.Assert.failNotNull(Assert.java:664)
	at org.junit.Assert.assertNull(Assert.java:646)
	at org.apache.commons.lang3.builder.ToStringBuilderTest.validateNullToStringStyleRegistry(ToStringBuilderTest.java:609)
	at org.apache.commons.lang3.builder.ToStringBuilderTest.after(ToStringBuilderTest.java:46)
</failure>
  </testcase>
  <testcase classname="org.apache.commons.lang3.builder.ToStringBuilderTest" name="testReflectionArrayCycle" time="0">
    <failure message="Expected null, actual: {true=null} expected null, but was:&lt;{true=null}&gt;" type="java.lang.AssertionError">java.lang.AssertionError: Expected null, actual: {true=null} expected null, but was:&lt;{true=null}&gt;
	at org.junit.Assert.fail(Assert.java:88)
	at org.junit.Assert.failNotNull(Assert.java:664)
	at org.junit.Assert.assertNull(Assert.java:646)
	at org.apache.commons.lang3.builder.ToStringBuilderTest.validateNullToStringStyleRegistry(ToStringBuilderTest.java:609)
	at org.apache.commons.lang3.builder.ToStringBuilderTest.after(ToStringBuilderTest.java:46)
</failure>
  </testcase>
  <testcase classname="org.apache.commons.lang3.builder.ToStringBuilderTest" name="testReflectionLongArrayArray" time="0">
    <failure message="Expected null, actual: {true=null} expected null, but was:&lt;{true=null}&gt;" type="java.lang.AssertionError">java.lang.AssertionError: Expected null, actual: {true=null} expected null, but was:&lt;{true=null}&gt;
	at org.junit.Assert.fail(Assert.java:88)
	at org.junit.Assert.failNotNull(Assert.java:664)
	at org.junit.Assert.assertNull(Assert.java:646)
	at org.apache.commons.lang3.builder.ToStringBuilderTest.validateNullToStringStyleRegistry(ToStringBuilderTest.java:609)
	at org.apache.commons.lang3.builder.ToStringBuilderTest.after(ToStringBuilderTest.java:46)
</failure>
  </testcase>
  <testcase classname="org.apache.commons.lang3.builder.ToStringBuilderTest" name="testBlank" time="0">
    <failure message="Expected null, actual: {true=null} expected null, but was:&lt;{true=null}&gt;" type="java.lang.AssertionError">java.lang.AssertionError: Expected null, actual: {true=null} expected null, but was:&lt;{true=null}&gt;
	at org.junit.Assert.fail(Assert.java:88)
	at org.junit.Assert.failNotNull(Assert.java:664)
	at org.junit.Assert.assertNull(Assert.java:646)
	at org.apache.commons.lang3.builder.ToStringBuilderTest.validateNullToStringStyleRegistry(ToStringBuilderTest.java:609)
	at org.apache.commons.lang3.builder.ToStringBuilderTest.after(ToStringBuilderTest.java:46)
</failure>
  </testcase>
  <testcase classname="org.apache.commons.lang3.builder.ToStringBuilderTest" name="testFloat" time="0">
    <failure message="Expected null, actual: {true=null} expected null, but was:&lt;{true=null}&gt;" type="java.lang.AssertionError">java.lang.AssertionError: Expected null, actual: {true=null} expected null, but was:&lt;{true=null}&gt;
	at org.junit.Assert.fail(Assert.java:88)
	at org.junit.Assert.failNotNull(Assert.java:664)
	at org.junit.Assert.assertNull(Assert.java:646)
	at org.apache.commons.lang3.builder.ToStringBuilderTest.validateNullToStringStyleRegistry(ToStringBuilderTest.java:609)
	at org.apache.commons.lang3.builder.ToStringBuilderTest.after(ToStringBuilderTest.java:46)
</failure>
  </testcase>
  <testcase classname="org.apache.commons.lang3.builder.ToStringBuilderTest" name="testShort" time="0">
    <failure message="Expected null, actual: {true=null} expected null, but was:&lt;{true=null}&gt;" type="java.lang.AssertionError">java.lang.AssertionError: Expected null, actual: {true=null} expected null, but was:&lt;{true=null}&gt;
	at org.junit.Assert.fail(Assert.java:88)
	at org.junit.Assert.failNotNull(Assert.java:664)
	at org.junit.Assert.assertNull(Assert.java:646)
	at org.apache.commons.lang3.builder.ToStringBuilderTest.validateNullToStringStyleRegistry(ToStringBuilderTest.java:609)
	at org.apache.commons.lang3.builder.ToStringBuilderTest.after(ToStringBuilderTest.java:46)
</failure>
  </testcase>
  <testcase classname="org.apache.commons.lang3.builder.ToStringBuilderTest" name="testReflectionArrayArrayCycle" time="0">
    <failure message="Expected null, actual: {true=null} expected null, but was:&lt;{true=null}&gt;" type="java.lang.AssertionError">java.lang.AssertionError: Expected null, actual: {true=null} expected null, but was:&lt;{true=null}&gt;
	at org.junit.Assert.fail(Assert.java:88)
	at org.junit.Assert.failNotNull(Assert.java:664)
	at org.junit.Assert.assertNull(Assert.java:646)
	at org.apache.commons.lang3.builder.ToStringBuilderTest.validateNullToStringStyleRegistry(ToStringBuilderTest.java:609)
	at org.apache.commons.lang3.builder.ToStringBuilderTest.after(ToStringBuilderTest.java:46)
</failure>
  </testcase>
  <testcase classname="org.apache.commons.lang3.builder.ToStringBuilderTest" name="testByte" time="0">
    <failure message="Expected null, actual: {true=null} expected null, but was:&lt;{true=null}&gt;" type="java.lang.AssertionError">java.lang.AssertionError: Expected null, actual: {true=null} expected null, but was:&lt;{true=null}&gt;
	at org.junit.Assert.fail(Assert.java:88)
	at org.junit.Assert.failNotNull(Assert.java:664)
	at org.junit.Assert.assertNull(Assert.java:646)
	at org.apache.commons.lang3.builder.ToStringBuilderTest.validateNullToStringStyleRegistry(ToStringBuilderTest.java:609)
	at org.apache.commons.lang3.builder.ToStringBuilderTest.after(ToStringBuilderTest.java:46)
</failure>
  </testcase>
  <testcase classname="org.apache.commons.lang3.builder.ToStringBuilderTest" name="testChar" time="0">
    <failure message="Expected null, actual: {true=null} expected null, but was:&lt;{true=null}&gt;" type="java.lang.AssertionError">java.lang.AssertionError: Expected null, actual: {true=null} expected null, but was:&lt;{true=null}&gt;
	at org.junit.Assert.fail(Assert.java:88)
	at org.junit.Assert.failNotNull(Assert.java:664)
	at org.junit.Assert.assertNull(Assert.java:646)
	at org.apache.commons.lang3.builder.ToStringBuilderTest.validateNullToStringStyleRegistry(ToStringBuilderTest.java:609)
	at org.apache.commons.lang3.builder.ToStringBuilderTest.after(ToStringBuilderTest.java:46)
</failure>
  </testcase>
  <testcase classname="org.apache.commons.lang3.builder.ToStringBuilderTest" name="testLong" time="0">
    <failure message="Expected null, actual: {true=null} expected null, but was:&lt;{true=null}&gt;" type="java.lang.AssertionError">java.lang.AssertionError: Expected null, actual: {true=null} expected null, but was:&lt;{true=null}&gt;
	at org.junit.Assert.fail(Assert.java:88)
	at org.junit.Assert.failNotNull(Assert.java:664)
	at org.junit.Assert.assertNull(Assert.java:646)
	at org.apache.commons.lang3.builder.ToStringBuilderTest.validateNullToStringStyleRegistry(ToStringBuilderTest.java:609)
	at org.apache.commons.lang3.builder.ToStringBuilderTest.after(ToStringBuilderTest.java:46)
</failure>
  </testcase>
  <testcase classname="org.apache.commons.lang3.builder.ToStringBuilderTest" name="testReflectionFloatArray" time="0">
    <failure message="Expected null, actual: {true=null} expected null, but was:&lt;{true=null}&gt;" type="java.lang.AssertionError">java.lang.AssertionError: Expected null, actual: {true=null} expected null, but was:&lt;{true=null}&gt;
	at org.junit.Assert.fail(Assert.java:88)
	at org.junit.Assert.failNotNull(Assert.java:664)
	at org.junit.Assert.assertNull(Assert.java:646)
	at org.apache.commons.lang3.builder.ToStringBuilderTest.validateNullToStringStyleRegistry(ToStringBuilderTest.java:609)
	at org.apache.commons.lang3.builder.ToStringBuilderTest.after(ToStringBuilderTest.java:46)
</failure>
  </testcase>
  <testcase classname="org.apache.commons.lang3.builder.ToStringBuilderTest" name="testLongArrayArray" time="0">
    <failure message="Expected null, actual: {true=null} expected null, but was:&lt;{true=null}&gt;" type="java.lang.AssertionError">java.lang.AssertionError: Expected null, actual: {true=null} expected null, but was:&lt;{true=null}&gt;
	at org.junit.Assert.fail(Assert.java:88)
	at org.junit.Assert.failNotNull(Assert.java:664)
	at org.junit.Assert.assertNull(Assert.java:646)
	at org.apache.commons.lang3.builder.ToStringBuilderTest.validateNullToStringStyleRegistry(ToStringBuilderTest.java:609)
	at org.apache.commons.lang3.builder.ToStringBuilderTest.after(ToStringBuilderTest.java:46)
</failure>
  </testcase>
  <testcase classname="org.apache.commons.lang3.builder.ToStringBuilderTest" name="test_setUpToClass_invalid" time="0.001">
    <error message="Unexpected exception, expected&lt;java.lang.IllegalArgumentException&gt; but was&lt;java.lang.reflect.InaccessibleObjectException&gt;" type="java.lang.Exception">java.lang.Exception: Unexpected exception, expected&lt;java.lang.IllegalArgumentException&gt; but was&lt;java.lang.reflect.InaccessibleObjectException&gt;
	at java.base/java.lang.reflect.AccessibleObject.throwInaccessibleObjectException(AccessibleObject.java:388)
	at java.base/java.lang.reflect.AccessibleObject.checkCanSetAccessible(AccessibleObject.java:364)
	at java.base/java.lang.reflect.AccessibleObject.checkCanSetAccessible(AccessibleObject.java:312)
	at java.base/java.lang.reflect.Field.checkCanSetAccessible(Field.java:183)
	at java.base/java.lang.reflect.AccessibleObject.setAccessible(AccessibleObject.java:129)
	at org.apache.commons.lang3.builder.ReflectionToStringBuilder.appendFieldsIn(ReflectionToStringBuilder.java:514)
	at org.apache.commons.lang3.builder.ReflectionToStringBuilder.toString(ReflectionToStringBuilder.java:683)
	at org.apache.commons.lang3.builder.ToStringBuilderTest.test_setUpToClass_invalid(ToStringBuilderTest.java:1025)
</error>
  </testcase>
  <testcase classname="org.apache.commons.lang3.builder.ToStringBuilderTest" name="test_setUpToClass_invalid" time="0.001">
    <failure message="Expected null, actual: {true=null, 5=null} expected null, but was:&lt;{true=null, 5=null}&gt;" type="java.lang.AssertionError">java.lang.AssertionError: Expected null, actual: {true=null, 5=null} expected null, but was:&lt;{true=null, 5=null}&gt;
	at org.junit.Assert.fail(Assert.java:88)
	at org.junit.Assert.failNotNull(Assert.java:664)
	at org.junit.Assert.assertNull(Assert.java:646)
	at org.apache.commons.lang3.builder.ToStringBuilderTest.validateNullToStringStyleRegistry(ToStringBuilderTest.java:609)
	at org.apache.commons.lang3.builder.ToStringBuilderTest.after(ToStringBuilderTest.java:46)
</failure>
  </testcase>
  <testcase classname="org.apache.commons.lang3.builder.ToStringBuilderTest" name="testBoolean" time="0">
    <failure message="Expected null, actual: {true=null} expected null, but was:&lt;{true=null}&gt;" type="java.lang.AssertionError">java.lang.AssertionError: Expected null, actual: {true=null} expected null, but was:&lt;{true=null}&gt;
	at org.junit.Assert.fail(Assert.java:88)
	at org.junit.Assert.failNotNull(Assert.java:664)
	at org.junit.Assert.assertNull(Assert.java:646)
	at org.apache.commons.lang3.builder.ToStringBuilderTest.validateNullToStringStyleRegistry(ToStringBuilderTest.java:609)
	at org.apache.commons.lang3.builder.ToStringBuilderTest.after(ToStringBuilderTest.java:46)
</failure>
  </testcase>
  <testcase classname="org.apache.commons.lang3.builder.ToStringBuilderTest" name="testReflectionDoubleArrayArray" time="0">
    <failure message="Expected null, actual: {true=null} expected null, but was:&lt;{true=null}&gt;" type="java.lang.AssertionError">java.lang.AssertionError: Expected null, actual: {true=null} expected null, but was:&lt;{true=null}&gt;
	at org.junit.Assert.fail(Assert.java:88)
	at org.junit.Assert.failNotNull(Assert.java:664)
	at org.junit.Assert.assertNull(Assert.java:646)
	at org.apache.commons.lang3.builder.ToStringBuilderTest.validateNullToStringStyleRegistry(ToStringBuilderTest.java:609)
	at org.apache.commons.lang3.builder.ToStringBuilderTest.after(ToStringBuilderTest.java:46)
</failure>
  </testcase>
  <testcase classname="org.apache.commons.lang3.builder.ToStringBuilderTest" name="testReflectionBooleanArray" time="0"/>
  <testcase classname="org.apache.commons.lang3.builder.ToStringBuilderTest" name="testReflectionInteger" time="0">
    <error message="Unable to make field static final char[] java.lang.Integer.digits accessible: module java.base does not &quot;opens java.lang&quot; to unnamed module @77556fd" type="java.lang.reflect.InaccessibleObjectException">java.lang.reflect.InaccessibleObjectException: Unable to make field static final char[] java.lang.Integer.digits accessible: module java.base does not &quot;opens java.lang&quot; to unnamed module @77556fd
	at java.base/java.lang.reflect.AccessibleObject.throwInaccessibleObjectException(AccessibleObject.java:388)
	at java.base/java.lang.reflect.AccessibleObject.checkCanSetAccessible(AccessibleObject.java:364)
	at java.base/java.lang.reflect.AccessibleObject.checkCanSetAccessible(AccessibleObject.java:312)
	at java.base/java.lang.reflect.Field.checkCanSetAccessible(Field.java:183)
	at java.base/java.lang.reflect.AccessibleObject.setAccessible(AccessibleObject.java:129)
	at org.apache.commons.lang3.builder.ReflectionToStringBuilder.appendFieldsIn(ReflectionToStringBuilder.java:514)
	at org.apache.commons.lang3.builder.ReflectionToStringBuilder.toString(ReflectionToStringBuilder.java:683)
	at org.apache.commons.lang3.builder.ReflectionToStringBuilder.toString(ReflectionToStringBuilder.java:283)
	at org.apache.commons.lang3.builder.ReflectionToStringBuilder.toString(ReflectionToStringBuilder.java:113)
	at org.apache.commons.lang3.builder.ToStringBuilder.reflectionToString(ToStringBuilder.java:152)
	at org.apache.commons.lang3.builder.ToStringBuilderTest.testReflectionInteger(ToStringBuilderTest.java:95)
</error>
  </testcase>
  <testcase classname="org.apache.commons.lang3.builder.ToStringBuilderTest" name="testReflectionInteger" time="0">
    <failure message="Expected null, actual: {5=null} expected null, but was:&lt;{5=null}&gt;" type="java.lang.AssertionError">java.lang.AssertionError: Expected null, actual: {5=null} expected null, but was:&lt;{5=null}&gt;
	at org.junit.Assert.fail(Assert.java:88)
	at org.junit.Assert.failNotNull(Assert.java:664)
	at org.junit.Assert.assertNull(Assert.java:646)
	at org.apache.commons.lang3.builder.ToStringBuilderTest.validateNullToStringStyleRegistry(ToStringBuilderTest.java:609)
	at org.apache.commons.lang3.builder.ToStringBuilderTest.after(ToStringBuilderTest.java:46)
</failure>
  </testcase>
  <testcase classname="org.apache.commons.lang3.builder.ToStringBuilderTest" name="testBooleanArray" time="0"/>
  <testcase classname="org.apache.commons.lang3.builder.ToStringBuilderTest" name="testFloatArrayArray" time="0"/>
  <testcase classname="org.apache.commons.lang3.builder.ToStringBuilderTest" name="testReflectionyteArray" time="0"/>
  <testcase classname="org.apache.commons.lang3.builder.ToStringBuilderTest" name="testReflectionDoubleArray" time="0"/>
  <testcase classname="org.apache.commons.lang3.builder.ToStringBuilderTest" name="testReflectionIntArrayArray" time="0"/>
  <testcase classname="org.apache.commons.lang3.builder.ToStringBuilderTest" name="testSimpleReflectionStatics" time="0.001"/>
  <testcase classname="org.apache.commons.lang3.builder.ToStringBuilderTest" name="testReflectionStatics" time="0"/>
  <testcase classname="org.apache.commons.lang3.builder.ToStringBuilderTest" name="testReflectionLongArray" time="0.001"/>
  <testcase classname="org.apache.commons.lang3.builder.ToStringBuilderTest" name="testReflectionhortArrayArray" time="0"/>
  <testcase classname="org.apache.commons.lang3.builder.ToStringBuilderTest" name="testConstructorEx1" time="0"/>
  <testcase classname="org.apache.commons.lang3.builder.ToStringBuilderTest" name="testConstructorEx2" time="0"/>
  <testcase classname="org.apache.commons.lang3.builder.ToStringBuilderTest" name="testConstructorEx3" time="0"/>
  <testcase classname="org.apache.commons.lang3.builder.ToStringBuilderTest" name="testReflectionObjectArray" time="0"/>
  <testcase classname="org.apache.commons.lang3.builder.ToStringBuilderTest" name="testReflectionObjectCycle" time="0"/>
  <testcase classname="org.apache.commons.lang3.builder.ToStringBuilderTest" name="testReflectionBooleanArrayArray" time="0"/>
  <testcase classname="org.apache.commons.lang3.builder.ToStringBuilderTest" name="testLongArray" time="0"/>
  <testcase classname="org.apache.commons.lang3.builder.ToStringBuilderTest" name="testSimpleReflectionObjectCycle" time="0"/>
  <testcase classname="org.apache.commons.lang3.builder.ToStringBuilderTest" name="testShortArray" time="0"/>
  <testcase classname="org.apache.commons.lang3.builder.ToStringBuilderTest" name="testIntArrayArray" time="0"/>
  <testcase classname="org.apache.commons.lang3.builder.ToStringBuilderTest" name="testInheritedReflectionStatics" time="0.001"/>
  <testcase classname="org.apache.commons.lang3.builder.ToStringBuilderTest" name="testReflectionByteArrayArray" time="0"/>
  <testcase classname="org.apache.commons.lang3.builder.ToStringBuilderTest" name="testReflectionArrayCycleLevel2" time="0"/>
  <testcase classname="org.apache.commons.lang3.builder.ToStringBuilderTest" name="testAppendToString" time="0"/>
  <testcase classname="org.apache.commons.lang3.builder.ToStringBuilderTest" name="testReflectionArrayAndObjectCycle" time="0"/>
  <testcase classname="org.apache.commons.lang3.builder.ToStringBuilderTest" name="testSetDefaultEx" time="0"/>
  <testcase classname="org.apache.commons.lang3.builder.ToStringBuilderTest" name="testReflectionCharArrayArray" time="0"/>
  <testcase classname="org.apache.commons.lang3.builder.ToStringBuilderTest" name="testIntArray" time="0"/>
  <testcase classname="org.apache.commons.lang3.builder.ToStringBuilderTest" name="testDouble" time="0"/>
  <testcase classname="org.apache.commons.lang3.builder.ToStringBuilderTest" name="testByteArrayArray" time="0"/>
  <testcase classname="org.apache.commons.lang3.builder.ToStringBuilderTest" name="testReflectionShortArray" time="0"/>
  <testcase classname="org.apache.commons.lang3.builder.ToStringBuilderTest" name="testCharArrayArray" time="0"/>
  <testcase classname="org.apache.commons.lang3.builder.ToStringBuilderTest" name="testSelfInstanceVarReflectionObjectCycle" time="0"/>
  <testcase classname="org.apache.commons.lang3.builder.ToStringBuilderTest" name="testObject" time="0.001"/>
  <testcase classname="org.apache.commons.lang3.builder.ToStringBuilderTest" name="testAppendSuper" time="0"/>
  <testcase classname="org.apache.commons.lang3.builder.ToStringBuilderTest" name="testReflectionIntArray" time="0"/>
  <testcase classname="org.apache.commons.lang3.builder.ToStringBuilderTest" name="testReflectionCharArray" time="0"/>
  <testcase classname="org.apache.commons.lang3.builder.ToStringBuilderTest" name="testGetSetDefault" time="0"/>
  <testcase classname="org.apache.commons.lang3.builder.ToStringBuilderTest" name="testInnerClassReflection" time="0"/>
  <testcase classname="org.apache.commons.lang3.builder.ToStringBuilderTest" name="testReflectionCharacter" time="0">
    <error message="Unable to make field static final int java.lang.Character.ERROR accessible: module java.base does not &quot;opens java.lang&quot; to unnamed module @77556fd" type="java.lang.reflect.InaccessibleObjectException">java.lang.reflect.InaccessibleObjectException: Unable to make field static final int java.lang.Character.ERROR accessible: module java.base does not &quot;opens java.lang&quot; to unnamed module @77556fd
	at java.base/java.lang.reflect.AccessibleObject.throwInaccessibleObjectException(AccessibleObject.java:388)
	at java.base/java.lang.reflect.AccessibleObject.checkCanSetAccessible(AccessibleObject.java:364)
	at java.base/java.lang.reflect.AccessibleObject.checkCanSetAccessible(AccessibleObject.java:312)
	at java.base/java.lang.reflect.Field.checkCanSetAccessible(Field.java:183)
	at java.base/java.lang.reflect.AccessibleObject.setAccessible(AccessibleObject.java:129)
	at org.apache.commons.lang3.builder.ReflectionToStringBuilder.appendFieldsIn(ReflectionToStringBuilder.java:514)
	at org.apache.commons.lang3.builder.ReflectionToStringBuilder.toString(ReflectionToStringBuilder.java:683)
	at org.apache.commons.lang3.builder.ReflectionToStringBuilder.toString(ReflectionToStringBuilder.java:283)
	at org.apache.commons.lang3.builder.ReflectionToStringBuilder.toString(ReflectionToStringBuilder.java:113)
	at org.apache.commons.lang3.builder.ToStringBuilder.reflectionToString(ToStringBuilder.java:152)
	at org.apache.commons.lang3.builder.ToStringBuilderTest.testReflectionCharacter(ToStringBuilderTest.java:104)
</error>
  </testcase>
  <testcase classname="org.apache.commons.lang3.builder.ToStringBuilderTest" name="testReflectionCharacter" time="0">
    <failure message="Expected null, actual: {A=null} expected null, but was:&lt;{A=null}&gt;" type="java.lang.AssertionError">java.lang.AssertionError: Expected null, actual: {A=null} expected null, but was:&lt;{A=null}&gt;
	at org.junit.Assert.fail(Assert.java:88)
	at org.junit.Assert.failNotNull(Assert.java:664)
	at org.junit.Assert.assertNull(Assert.java:646)
	at org.apache.commons.lang3.builder.ToStringBuilderTest.validateNullToStringStyleRegistry(ToStringBuilderTest.java:609)
	at org.apache.commons.lang3.builder.ToStringBuilderTest.after(ToStringBuilderTest.java:46)
</failure>
  </testcase>
  <testcase classname="org.apache.commons.lang3.builder.ToStringBuilderTest" name="testDoubleArray" time="0.001">
    <failure message="Expected null, actual: {A=null} expected null, but was:&lt;{A=null}&gt;" type="java.lang.AssertionError">java.lang.AssertionError: Expected null, actual: {A=null} expected null, but was:&lt;{A=null}&gt;
	at org.junit.Assert.fail(Assert.java:88)
	at org.junit.Assert.failNotNull(Assert.java:664)
	at org.junit.Assert.assertNull(Assert.java:646)
	at org.apache.commons.lang3.builder.ToStringBuilderTest.validateNullToStringStyleRegistry(ToStringBuilderTest.java:609)
	at org.apache.commons.lang3.builder.ToStringBuilderTest.after(ToStringBuilderTest.java:46)
</failure>
  </testcase>
  <testcase classname="org.apache.commons.lang3.builder.ToStringBuilderTest" name="testReflectionFloatArrayArray" time="0">
    <failure message="Expected null, actual: {A=null} expected null, but was:&lt;{A=null}&gt;" type="java.lang.AssertionError">java.lang.AssertionError: Expected null, actual: {A=null} expected null, but was:&lt;{A=null}&gt;
	at org.junit.Assert.fail(Assert.java:88)
	at org.junit.Assert.failNotNull(Assert.java:664)
	at org.junit.Assert.assertNull(Assert.java:646)
	at org.apache.commons.lang3.builder.ToStringBuilderTest.validateNullToStringStyleRegistry(ToStringBuilderTest.java:609)
	at org.apache.commons.lang3.builder.ToStringBuilderTest.after(ToStringBuilderTest.java:46)
</failure>
  </testcase>
</testsuite>