<?xml version="1.0" encoding="UTF-8" ?>
<testsuite tests="49" failures="0" name="org.apache.commons.lang3.StringUtilsEqualsIndexOfTest" time="0.001" errors="0" skipped="0">
  <properties>
[...]
</properties>
  <testcase classname="org.apache.commons.lang3.StringUtilsEqualsIndexOfTest" name="testLastIndexOfIgnoreCase_StringInt" time="0"/>
  <testcase classname="org.apache.commons.lang3.StringUtilsEqualsIndexOfTest" name="testContainsAny_StringCharArrayWithSupplementaryChars" time="0"/>
  <testcase classname="org.apache.commons.lang3.StringUtilsEqualsIndexOfTest" name="testContainsNone_CharArrayWithSupplementaryChars" time="0"/>
  <testcase classname="org.apache.commons.lang3.StringUtilsEqualsIndexOfTest" name="testContains_StringWithSupplementaryChars" time="0"/>
  <testcase classname="org.apache.commons.lang3.StringUtilsEqualsIndexOfTest" name="testContainsNone_StringWithSupplementaryChars" time="0"/>
  <testcase classname="org.apache.commons.lang3.StringUtilsEqualsIndexOfTest" name="testContainsOnly_String" time="0"/>
  <testcase classname="org.apache.commons.lang3.StringUtilsEqualsIndexOfTest" name="testLastIndexOf_String" time="0"/>
  <testcase classname="org.apache.commons.lang3.StringUtilsEqualsIndexOfTest" name="testContainsAny_StringCharArrayWithBadSupplementaryChars" time="0"/>
  <testcase classname="org.apache.commons.lang3.StringUtilsEqualsIndexOfTest" name="testOrdinalIndexOf" time="0"/>
  <testcase classname="org.apache.commons.lang3.StringUtilsEqualsIndexOfTest" name="testIndexOfAnyBut_StringStringWithSupplementaryChars" time="0"/>
  <testcase classname="org.apache.commons.lang3.StringUtilsEqualsIndexOfTest" name="testContains_String" time="0"/>
  <testcase classname="org.apache.commons.lang3.StringUtilsEqualsIndexOfTest" name="testEqualsIgnoreCase" time="0"/>
  <testcase classname="org.apache.commons.lang3.StringUtilsEqualsIndexOfTest" name="testContainsNone_CharArray" time="0"/>
  <testcase classname="org.apache.commons.lang3.StringUtilsEqualsIndexOfTest" name="testIndexOfIgnoreCase_StringInt" time="0"/>
  <testcase classname="org.apache.commons.lang3.StringUtilsEqualsIndexOfTest" name="testContainsAny_StringWithBadSupplementaryChars" time="0"/>
  <testcase classname="org.apache.commons.lang3.StringUtilsEqualsIndexOfTest" name="testEqualsOnStrings" time="0"/>
  <testcase classname="org.apache.commons.lang3.StringUtilsEqualsIndexOfTest" name="testLastOrdinalIndexOf" time="0"/>
  <testcase classname="org.apache.commons.lang3.StringUtilsEqualsIndexOfTest" name="testIndexOfAny_StringString" time="0"/>
  <testcase classname="org.apache.commons.lang3.StringUtilsEqualsIndexOfTest" name="testIndexOfIgnoreCase_String" time="0"/>
  <testcase classname="org.apache.commons.lang3.StringUtilsEqualsIndexOfTest" name="testContainsIgnoreCase_StringString" time="0"/>
  <testcase classname="org.apache.commons.lang3.StringUtilsEqualsIndexOfTest" name="testIndexOfAnyBut_StringString" time="0"/>
  <testcase classname="org.apache.commons.lang3.StringUtilsEqualsIndexOfTest" name="testContains_Char" time="0"/>
  <testcase classname="org.apache.commons.lang3.StringUtilsEqualsIndexOfTest" name="testIndexOf_char" time="0"/>
  <testcase classname="org.apache.commons.lang3.StringUtilsEqualsIndexOfTest" name="testIndexOfAny_StringCharArrayWithSupplementaryChars" time="0"/>
  <testcase classname="org.apache.commons.lang3.StringUtilsEqualsIndexOfTest" name="testIndexOf_charInt" time="0"/>
  <testcase classname="org.apache.commons.lang3.StringUtilsEqualsIndexOfTest" name="testContainsNone_String" time="0"/>
  <testcase classname="org.apache.commons.lang3.StringUtilsEqualsIndexOfTest" name="testContainsIgnoreCase_LocaleIndependence" time="0"/>
  <testcase classname="org.apache.commons.lang3.StringUtilsEqualsIndexOfTest" name="testContainsAny_StringString" time="0"/>
  <testcase classname="org.apache.commons.lang3.StringUtilsEqualsIndexOfTest" name="testIndexOfAnyBut_StringCharArrayWithSupplementaryChars" time="0"/>
  <testcase classname="org.apache.commons.lang3.StringUtilsEqualsIndexOfTest" name="testLastIndexOf_charInt" time="0"/>
  <testcase classname="org.apache.commons.lang3.StringUtilsEqualsIndexOfTest" name="testContainsNone_StringWithBadSupplementaryChars" time="0"/>
  <testcase classname="org.apache.commons.lang3.StringUtilsEqualsIndexOfTest" name="testIndexOfAnyBut_StringCharArray" time="0"/>
  <testcase classname="org.apache.commons.lang3.StringUtilsEqualsIndexOfTest" name="testContainsAny_StringWithSupplementaryChars" time="0"/>
  <testcase classname="org.apache.commons.lang3.StringUtilsEqualsIndexOfTest" name="testIndexOf_StringInt" time="0"/>
  <testcase classname="org.apache.commons.lang3.StringUtilsEqualsIndexOfTest" name="testLastIndexOf_StringInt" time="0"/>
  <testcase classname="org.apache.commons.lang3.StringUtilsEqualsIndexOfTest" name="testIndexOfAny_StringStringArray" time="0"/>
  <testcase classname="org.apache.commons.lang3.StringUtilsEqualsIndexOfTest" name="testEquals" time="0"/>
  <testcase classname="org.apache.commons.lang3.StringUtilsEqualsIndexOfTest" name="testLastIndexOf_char" time="0"/>
  <testcase classname="org.apache.commons.lang3.StringUtilsEqualsIndexOfTest" name="testContainsOnly_CharArray" time="0"/>
  <testcase classname="org.apache.commons.lang3.StringUtilsEqualsIndexOfTest" name="testContainsWhitespace" time="0"/>
  <testcase classname="org.apache.commons.lang3.StringUtilsEqualsIndexOfTest" name="testIndexOfAny_StringStringWithSupplementaryChars" time="0"/>
  <testcase classname="org.apache.commons.lang3.StringUtilsEqualsIndexOfTest" name="testLastIndexOfAny_StringStringArray" time="0"/>
  <testcase classname="org.apache.commons.lang3.StringUtilsEqualsIndexOfTest" name="testContainsAny_StringCharArray" time="0"/>
  <testcase classname="org.apache.commons.lang3.StringUtilsEqualsIndexOfTest" name="testLastIndexOfIgnoreCase_String" time="0"/>
  <testcase classname="org.apache.commons.lang3.StringUtilsEqualsIndexOfTest" name="testCustomCharSequence" time="0.001"/>
  <testcase classname="org.apache.commons.lang3.StringUtilsEqualsIndexOfTest" name="testIndexOf_String" time="0"/>
  <testcase classname="org.apache.commons.lang3.StringUtilsEqualsIndexOfTest" name="testContainsNone_CharArrayWithBadSupplementaryChars" time="0"/>
  <testcase classname="org.apache.commons.lang3.StringUtilsEqualsIndexOfTest" name="testIndexOfAny_StringCharArray" time="0"/>
  <testcase classname="org.apache.commons.lang3.StringUtilsEqualsIndexOfTest" name="testContains_StringWithBadSupplementaryChars" time="0"/>
</testsuite>