<?xml version="1.0" encoding="UTF-8" ?>
<testsuite tests="13" failures="0" name="org.apache.commons.lang3.StringUtilsSubstringTest" time="0" errors="0" skipped="0">
  <properties>
[...]
</properties>
  <testcase classname="org.apache.commons.lang3.StringUtilsSubstringTest" name="testRight_String" time="0"/>
  <testcase classname="org.apache.commons.lang3.StringUtilsSubstringTest" name="testSubstringBefore_StringString" time="0"/>
  <testcase classname="org.apache.commons.lang3.StringUtilsSubstringTest" name="testSubstringsBetween_StringStringString" time="0"/>
  <testcase classname="org.apache.commons.lang3.StringUtilsSubstringTest" name="testSubstringBetween_StringString" time="0"/>
  <testcase classname="org.apache.commons.lang3.StringUtilsSubstringTest" name="testSubstringAfterLast_StringString" time="0"/>
  <testcase classname="org.apache.commons.lang3.StringUtilsSubstringTest" name="testSubstringBetween_StringStringString" time="0"/>
  <testcase classname="org.apache.commons.lang3.StringUtilsSubstringTest" name="testSubstring_StringIntInt" time="0"/>
  <testcase classname="org.apache.commons.lang3.StringUtilsSubstringTest" name="testCountMatches_String" time="0"/>
  <testcase classname="org.apache.commons.lang3.StringUtilsSubstringTest" name="testSubstringBeforeLast_StringString" time="0"/>
  <testcase classname="org.apache.commons.lang3.StringUtilsSubstringTest" name="testLeft_String" time="0"/>
  <testcase classname="org.apache.commons.lang3.StringUtilsSubstringTest" name="testMid_String" time="0"/>
  <testcase classname="org.apache.commons.lang3.StringUtilsSubstringTest" name="testSubstring_StringInt" time="0"/>
  <testcase classname="org.apache.commons.lang3.StringUtilsSubstringTest" name="testSubstringAfter_StringString" time="0"/>
</testsuite>